[ 2014-05-24T00:04:39+08:00 ] 127.0.0.1 /index.php?m=Users&a=checklogin
INFO: [ app_begin ] --START--
INFO: Run ReadHtmlCache Behavior [ RunTime:0.000810s ]
INFO: [ app_begin ] --END-- [ RunTime:0.000917s ]
SQL: SHOW COLUMNS FROM `imicms_users` [ RunTime:0.027766s ]
SQL: SELECT * FROM `imicms_users` WHERE ( `username` = 0 ) LIMIT 1   [ RunTime:0.000416s ]
SQL: SHOW COLUMNS FROM `imicms_user_group` [ RunTime:0.017612s ]
SQL: SELECT * FROM `imicms_user_group` WHERE ( `id` = 7 ) LIMIT 1   [ RunTime:0.000280s ]
NOTIC: [8] Undefined index: gongzhongnum C:\Program Files (x86)\Apache Software Foundation\Apache2.2\htdocs\iMicms\Lib\Action\Home\UsersAction.class.php 第 29 行.

[ 2014-05-24T00:16:49+08:00 ] 127.0.0.1 /index.php?m=Users&a=checklogin
INFO: [ app_begin ] --START--
INFO: Run ReadHtmlCache Behavior [ RunTime:0.000636s ]
INFO: [ app_begin ] --END-- [ RunTime:0.000717s ]
SQL: SHOW COLUMNS FROM `imicms_users` [ RunTime:0.031297s ]
SQL: SELECT * FROM `imicms_users` WHERE ( `username` = 0 ) LIMIT 1   [ RunTime:0.000611s ]
SQL: SHOW COLUMNS FROM `imicms_user_group` [ RunTime:0.020123s ]
SQL: SELECT * FROM `imicms_user_group` WHERE ( `id` = 7 ) LIMIT 1   [ RunTime:0.000299s ]
NOTIC: [8] Undefined index: gongzhongnum C:\Program Files (x86)\Apache Software Foundation\Apache2.2\htdocs\iMicms\Lib\Action\Home\UsersAction.class.php 第 29 行.

[ 2014-05-24T00:17:20+08:00 ] 127.0.0.1 /index.php?g=User&m=Stats&a=getxmldata
INFO: [ app_begin ] --START--
INFO: Run ReadHtmlCache Behavior [ RunTime:0.000677s ]
INFO: [ app_begin ] --END-- [ RunTime:0.000771s ]
SQL: SHOW COLUMNS FROM `imicms_user_group` [ RunTime:0.021902s ]
SQL: SELECT * FROM `imicms_user_group` WHERE ( `id` = 7 ) LIMIT 1   [ RunTime:0.000432s ]
SQL: SHOW COLUMNS FROM `imicms_users` [ RunTime:0.027594s ]
SQL: SELECT * FROM `imicms_users` WHERE ( `id` = 1 ) LIMIT 1   [ RunTime:0.000420s ]
SQL: SHOW COLUMNS FROM `imicms_wxuser` [ RunTime:0.012874s ]
SQL: SELECT `wxname`,`wxid`,`headerpic`,`weixin` FROM `imicms_wxuser` WHERE ( `token` = 'c6402a3e1bd9cf46' ) AND ( `uid` = 1 ) LIMIT 1   [ RunTime:0.000419s ]
SQL: SHOW COLUMNS FROM `imicms_user_group` [ RunTime:0.018769s ]
SQL: SELECT * FROM `imicms_user_group`  [ RunTime:0.000215s ]
SQL: SHOW COLUMNS FROM `imicms_users` [ RunTime:0.033669s ]
SQL: SELECT * FROM `imicms_users`  [ RunTime:0.000679s ]
SQL: SHOW COLUMNS FROM `imicms_wxuser` [ RunTime:0.022855s ]
SQL: SELECT * FROM `imicms_wxuser`  [ RunTime:0.000621s ]
SQL: SHOW COLUMNS FROM `imicms_requestdata` [ RunTime:0.040472s ]
SQL: SELECT COUNT(*) AS tp_count FROM `imicms_requestdata` WHERE ( `token` = 'c6402a3e1bd9cf46' ) AND ( `year` = 2014 ) AND ( `month` = 5 ) LIMIT 1   [ RunTime:0.000364s ]
SQL: SELECT * FROM `imicms_requestdata` WHERE ( `token` = 'c6402a3e1bd9cf46' ) AND ( `year` = 2014 ) AND ( `month` = 5 ) ORDER BY day desc LIMIT 0,31   [ RunTime:0.000302s ]
INFO: [ view_template ] --START--
INFO: Run LocationTemplate Behavior [ RunTime:-0.207656s ]
INFO: [ view_template ] --END-- [ RunTime:0.000953s ]
INFO: [ view_parse ] --START--
INFO: Run ParseTemplate Behavior [ RunTime:-0.208689s ]
INFO: [ view_parse ] --END-- [ RunTime:0.097291s ]
INFO: [ view_filter ] --START--
INFO: Run ContentReplace Behavior [ RunTime:-0.306027s ]
INFO: Run TokenBuild Behavior [ RunTime:-0.307195s ]
INFO: Run WriteHtmlCache Behavior [ RunTime:-0.307730s ]
INFO: Run ShowRuntime Behavior [ RunTime:-0.308107s ]
INFO: [ view_filter ] --END-- [ RunTime:0.002725s ]
INFO: [ view_end ] --START--
INFO: Run ShowPageTrace Behavior [ RunTime:-0.308826s ]
INFO: [ view_end ] --END-- [ RunTime:0.000787s ]

[ 2014-05-24T00:17:53+08:00 ] 127.0.0.1 /index.php?g=User&m=Token_open&a=del&token=c6402a3e1bd9cf46&id=1&r=0.5699490352999419
INFO: [ app_begin ] --START--
INFO: Run ReadHtmlCache Behavior [ RunTime:0.000738s ]
INFO: [ app_begin ] --END-- [ RunTime:0.000849s ]
SQL: SHOW COLUMNS FROM `imicms_user_group` [ RunTime:0.023111s ]
SQL: SELECT * FROM `imicms_user_group` WHERE ( `id` = 7 ) LIMIT 1   [ RunTime:0.000577s ]
SQL: SHOW COLUMNS FROM `imicms_users` [ RunTime:0.034084s ]
SQL: SELECT * FROM `imicms_users` WHERE ( `id` = 1 ) LIMIT 1   [ RunTime:0.000507s ]
SQL: SHOW COLUMNS FROM `imicms_wxuser` [ RunTime:0.020758s ]
SQL: SELECT `wxname`,`wxid`,`headerpic`,`weixin` FROM `imicms_wxuser` WHERE ( `token` = 'c6402a3e1bd9cf46' ) AND ( `uid` = 1 ) LIMIT 1   [ RunTime:0.000588s ]
SQL: SHOW COLUMNS FROM `imicms_token_open` [ RunTime:0.014939s ]
SQL: SELECT * FROM `imicms_token_open` WHERE ( `uid` = 1 ) AND ( `token` = 'c6402a3e1bd9cf46' ) LIMIT 1   [ RunTime:0.000364s ]
SQL: SHOW COLUMNS FROM `imicms_function` [ RunTime:0.022293s ]
SQL: SELECT * FROM `imicms_function` WHERE ( `id` = 1 ) LIMIT 1   [ RunTime:0.000229s ]
SQL: SELECT * FROM `imicms_token_open` WHERE ( `uid` = 1 ) AND ( `token` = 'c6402a3e1bd9cf46' ) LIMIT 1   [ RunTime:0.000321s ]
SQL: UPDATE `imicms_token_open` SET `queryname`='qiushi,jishuan,jiankang,kuaidi,xiaohua,changtoushi,peiliao,liaotian,mengjian,yuyinfanyi,huoche,gongjiao,shenfenzheng,shouji,yinle,fujin,choujiang,taobao,userinfo,fanyi,api,suanming,baike,caipiao,choujiang,guagua,shouye,adma,huiyuanka,shenhe,geci,yuming,diymen_set,plugmenu_set,etuan,shop,dx,host_kev,vote,wcard,house,Panoramic,Panorama,Heka,Shake,diymen_set,LuckyFruit,Car,LuckyFruit,GoldenEgg,Yuyue,Jiudian,Yiliao,Meirong,Jiuba,Shipin,Lvyou,Jianshen,Huadian,Jiaoyu,Zhengwu,Diaoyan' WHERE ( `uid` = 1 ) AND ( `token` = 'c6402a3e1bd9cf46' ) [ RunTime:0.000401s ]

[ 2014-05-24T00:17:56+08:00 ] 127.0.0.1 /index.php?g=User&m=Token_open&a=del&token=c6402a3e1bd9cf46&id=2&r=0.8170002978295088
INFO: [ app_begin ] --START--
INFO: Run ReadHtmlCache Behavior [ RunTime:0.000646s ]
INFO: [ app_begin ] --END-- [ RunTime:0.000727s ]
SQL: SHOW COLUMNS FROM `imicms_user_group` [ RunTime:0.023162s ]
SQL: SELECT * FROM `imicms_user_group` WHERE ( `id` = 7 ) LIMIT 1   [ RunTime:0.000859s ]
SQL: SHOW COLUMNS FROM `imicms_users` [ RunTime:0.032214s ]
SQL: SELECT * FROM `imicms_users` WHERE ( `id` = 1 ) LIMIT 1   [ RunTime:0.000727s ]
SQL: SHOW COLUMNS FROM `imicms_wxuser` [ RunTime:0.016693s ]
SQL: SELECT `wxname`,`wxid`,`headerpic`,`weixin` FROM `imicms_wxuser` WHERE ( `token` = 'c6402a3e1bd9cf46' ) AND ( `uid` = 1 ) LIMIT 1   [ RunTime:0.000635s ]
SQL: SHOW COLUMNS FROM `imicms_token_open` [ RunTime:0.016743s ]
SQL: SELECT * FROM `imicms_token_open` WHERE ( `uid` = 1 ) AND ( `token` = 'c6402a3e1bd9cf46' ) LIMIT 1   [ RunTime:0.000383s ]
SQL: SHOW COLUMNS FROM `imicms_function` [ RunTime:0.019651s ]
SQL: SELECT * FROM `imicms_function` WHERE ( `id` = 2 ) LIMIT 1   [ RunTime:0.000249s ]
SQL: SELECT * FROM `imicms_token_open` WHERE ( `uid` = 1 ) AND ( `token` = 'c6402a3e1bd9cf46' ) LIMIT 1   [ RunTime:0.000170s ]
SQL: UPDATE `imicms_token_open` SET `queryname`='jishuan,jiankang,kuaidi,xiaohua,changtoushi,peiliao,liaotian,mengjian,yuyinfanyi,huoche,gongjiao,shenfenzheng,shouji,yinle,fujin,choujiang,taobao,userinfo,fanyi,api,suanming,baike,caipiao,choujiang,guagua,shouye,adma,huiyuanka,shenhe,geci,yuming,diymen_set,plugmenu_set,etuan,shop,dx,host_kev,vote,wcard,house,Panoramic,Panorama,Heka,Shake,diymen_set,LuckyFruit,Car,LuckyFruit,GoldenEgg,Yuyue,Jiudian,Yiliao,Meirong,Jiuba,Shipin,Lvyou,Jianshen,Huadian,Jiaoyu,Zhengwu,Diaoyan' WHERE ( `uid` = 1 ) AND ( `token` = 'c6402a3e1bd9cf46' ) [ RunTime:0.000323s ]

[ 2014-05-24T00:17:58+08:00 ] 127.0.0.1 /index.php?g=User&m=Token_open&a=add&token=c6402a3e1bd9cf46&id=2&r=0.9456239466089755
INFO: [ app_begin ] --START--
INFO: Run ReadHtmlCache Behavior [ RunTime:0.000693s ]
INFO: [ app_begin ] --END-- [ RunTime:0.000772s ]
SQL: SHOW COLUMNS FROM `imicms_user_group` [ RunTime:0.023787s ]
SQL: SELECT * FROM `imicms_user_group` WHERE ( `id` = 7 ) LIMIT 1   [ RunTime:0.000511s ]
SQL: SHOW COLUMNS FROM `imicms_users` [ RunTime:0.037233s ]
SQL: SELECT * FROM `imicms_users` WHERE ( `id` = 1 ) LIMIT 1   [ RunTime:0.000649s ]
SQL: SHOW COLUMNS FROM `imicms_wxuser` [ RunTime:0.017044s ]
SQL: SELECT `wxname`,`wxid`,`headerpic`,`weixin` FROM `imicms_wxuser` WHERE ( `token` = 'c6402a3e1bd9cf46' ) AND ( `uid` = 1 ) LIMIT 1   [ RunTime:0.000364s ]
SQL: SHOW COLUMNS FROM `imicms_token_open` [ RunTime:0.015973s ]
SQL: SELECT * FROM `imicms_token_open` WHERE ( `uid` = 1 ) AND ( `token` = 'c6402a3e1bd9cf46' ) LIMIT 1   [ RunTime:0.000275s ]
SQL: SHOW COLUMNS FROM `imicms_function` [ RunTime:0.036858s ]
SQL: SELECT * FROM `imicms_function` WHERE ( `id` = 2 ) LIMIT 1   [ RunTime:0.000448s ]
SQL: SELECT * FROM `imicms_token_open` WHERE ( `uid` = 1 ) AND ( `token` = 'c6402a3e1bd9cf46' ) LIMIT 1   [ RunTime:0.000259s ]
SQL: UPDATE `imicms_token_open` SET `queryname`='jishuan,jiankang,kuaidi,xiaohua,changtoushi,peiliao,liaotian,mengjian,yuyinfanyi,huoche,gongjiao,shenfenzheng,shouji,yinle,fujin,choujiang,taobao,userinfo,fanyi,api,suanming,baike,caipiao,choujiang,guagua,shouye,adma,huiyuanka,shenhe,geci,yuming,diymen_set,plugmenu_set,etuan,shop,dx,host_kev,vote,wcard,house,Panoramic,Panorama,Heka,Shake,diymen_set,LuckyFruit,Car,LuckyFruit,GoldenEgg,Yuyue,Jiudian,Yiliao,Meirong,Jiuba,Shipin,Lvyou,Jianshen,Huadian,Jiaoyu,Zhengwu,Diaoyan,qiushi' WHERE ( `uid` = 1 ) AND ( `token` = 'c6402a3e1bd9cf46' ) [ RunTime:0.000485s ]

[ 2014-05-24T00:18:00+08:00 ] 127.0.0.1 /index.php?g=User&m=Token_open&a=add&token=c6402a3e1bd9cf46&id=1&r=0.4995802198536694
INFO: [ app_begin ] --START--
INFO: Run ReadHtmlCache Behavior [ RunTime:0.000833s ]
INFO: [ app_begin ] --END-- [ RunTime:0.000978s ]
SQL: SHOW COLUMNS FROM `imicms_user_group` [ RunTime:0.025656s ]
SQL: SELECT * FROM `imicms_user_group` WHERE ( `id` = 7 ) LIMIT 1   [ RunTime:0.000526s ]
SQL: SHOW COLUMNS FROM `imicms_users` [ RunTime:0.034271s ]
SQL: SELECT * FROM `imicms_users` WHERE ( `id` = 1 ) LIMIT 1   [ RunTime:0.000702s ]
SQL: SHOW COLUMNS FROM `imicms_wxuser` [ RunTime:0.016347s ]
SQL: SELECT `wxname`,`wxid`,`headerpic`,`weixin` FROM `imicms_wxuser` WHERE ( `token` = 'c6402a3e1bd9cf46' ) AND ( `uid` = 1 ) LIMIT 1   [ RunTime:0.000472s ]
SQL: SHOW COLUMNS FROM `imicms_token_open` [ RunTime:0.017197s ]
SQL: SELECT * FROM `imicms_token_open` WHERE ( `uid` = 1 ) AND ( `token` = 'c6402a3e1bd9cf46' ) LIMIT 1   [ RunTime:0.000335s ]
SQL: SHOW COLUMNS FROM `imicms_function` [ RunTime:0.023132s ]
SQL: SELECT * FROM `imicms_function` WHERE ( `id` = 1 ) LIMIT 1   [ RunTime:0.000339s ]
SQL: SELECT * FROM `imicms_token_open` WHERE ( `uid` = 1 ) AND ( `token` = 'c6402a3e1bd9cf46' ) LIMIT 1   [ RunTime:0.000306s ]
SQL: UPDATE `imicms_token_open` SET `queryname`='jishuan,jiankang,kuaidi,xiaohua,changtoushi,peiliao,liaotian,mengjian,yuyinfanyi,huoche,gongjiao,shenfenzheng,shouji,yinle,fujin,choujiang,taobao,userinfo,fanyi,api,suanming,baike,caipiao,choujiang,guagua,shouye,adma,huiyuanka,shenhe,geci,yuming,diymen_set,plugmenu_set,etuan,shop,dx,host_kev,vote,wcard,house,Panoramic,Panorama,Heka,Shake,diymen_set,LuckyFruit,Car,LuckyFruit,GoldenEgg,Yuyue,Jiudian,Yiliao,Meirong,Jiuba,Shipin,Lvyou,Jianshen,Huadian,Jiaoyu,Zhengwu,Diaoyan,qiushi,tianqi' WHERE ( `uid` = 1 ) AND ( `token` = 'c6402a3e1bd9cf46' ) [ RunTime:0.000378s ]

[ 2014-05-24T00:18:06+08:00 ] 127.0.0.1 /index.php?g=User&m=Token_open&a=add&token=c6402a3e1bd9cf46&id=4&r=0.4194445845205337
INFO: [ app_begin ] --START--
INFO: Run ReadHtmlCache Behavior [ RunTime:0.000819s ]
INFO: [ app_begin ] --END-- [ RunTime:0.000935s ]
SQL: SHOW COLUMNS FROM `imicms_user_group` [ RunTime:0.021521s ]
SQL: SELECT * FROM `imicms_user_group` WHERE ( `id` = 7 ) LIMIT 1   [ RunTime:0.000513s ]
SQL: SHOW COLUMNS FROM `imicms_users` [ RunTime:0.030857s ]
SQL: SELECT * FROM `imicms_users` WHERE ( `id` = 1 ) LIMIT 1   [ RunTime:0.000874s ]
SQL: SHOW COLUMNS FROM `imicms_wxuser` [ RunTime:0.016523s ]
SQL: SELECT `wxname`,`wxid`,`headerpic`,`weixin` FROM `imicms_wxuser` WHERE ( `token` = 'c6402a3e1bd9cf46' ) AND ( `uid` = 1 ) LIMIT 1   [ RunTime:0.000508s ]
SQL: SHOW COLUMNS FROM `imicms_token_open` [ RunTime:0.015828s ]
SQL: SELECT * FROM `imicms_token_open` WHERE ( `uid` = 1 ) AND ( `token` = 'c6402a3e1bd9cf46' ) LIMIT 1   [ RunTime:0.000429s ]
SQL: SHOW COLUMNS FROM `imicms_function` [ RunTime:0.024183s ]
SQL: SELECT * FROM `imicms_function` WHERE ( `id` = 4 ) LIMIT 1   [ RunTime:0.000221s ]
SQL: SELECT * FROM `imicms_token_open` WHERE ( `uid` = 1 ) AND ( `token` = 'c6402a3e1bd9cf46' ) LIMIT 1   [ RunTime:0.000163s ]
SQL: UPDATE `imicms_token_open` SET `queryname`='jishuan,jiankang,kuaidi,xiaohua,changtoushi,peiliao,liaotian,mengjian,yuyinfanyi,huoche,gongjiao,shenfenzheng,shouji,yinle,fujin,choujiang,taobao,userinfo,fanyi,api,suanming,baike,caipiao,choujiang,guagua,shouye,adma,huiyuanka,shenhe,geci,yuming,diymen_set,plugmenu_set,etuan,shop,dx,host_kev,vote,wcard,house,Panoramic,Panorama,Heka,Shake,diymen_set,LuckyFruit,Car,LuckyFruit,GoldenEgg,Yuyue,Jiudian,Yiliao,Meirong,Jiuba,Shipin,Lvyou,Jianshen,Huadian,Jiaoyu,Zhengwu,Diaoyan,qiushi,tianqi,langdu' WHERE ( `uid` = 1 ) AND ( `token` = 'c6402a3e1bd9cf46' ) [ RunTime:0.000219s ]

