[ 2014-05-23T01:43:12+08:00 ] ERR: (ThinkException) Table 'test.imicms_item' doesn't exist
 [ SQL语句 ] : SHOW COLUMNS FROM `imicms_item`
[ 2014-05-23T01:43:15+08:00 ] ERR: (ThinkException) Table 'test.imicms_item' doesn't exist
 [ SQL语句 ] : SHOW COLUMNS FROM `imicms_item`
[ 2014-05-23T01:45:03+08:00 ] ERR: (ThinkException) Table 'test.imicms_item' doesn't exist
 [ SQL语句 ] : SHOW COLUMNS FROM `imicms_item`
[ 2014-05-23T01:45:03+08:00 ] ERR: (ThinkException) Table 'test.imicms_item' doesn't exist
 [ SQL语句 ] : SHOW COLUMNS FROM `imicms_item`
[ 2014-05-23T01:45:04+08:00 ] ERR: (ThinkException) Table 'test.imicms_item' doesn't exist
 [ SQL语句 ] : SHOW COLUMNS FROM `imicms_item`
[ 2014-05-23T01:45:04+08:00 ] ERR: (ThinkException) Table 'test.imicms_item' doesn't exist
 [ SQL语句 ] : SHOW COLUMNS FROM `imicms_item`
[ 2014-05-23T01:45:05+08:00 ] ERR: (ThinkException) Table 'test.imicms_item' doesn't exist
 [ SQL语句 ] : SHOW COLUMNS FROM `imicms_item`
[ 2014-05-23T01:50:04+08:00 ] ERR: (ThinkException) Table 'test.imicms_item' doesn't exist
 [ SQL语句 ] : SHOW COLUMNS FROM `imicms_item`
[ 2014-05-23T01:50:05+08:00 ] ERR: (ThinkException) Table 'test.imicms_item' doesn't exist
 [ SQL语句 ] : SHOW COLUMNS FROM `imicms_item`
[ 2014-05-23T01:50:06+08:00 ] ERR: (ThinkException) Table 'test.imicms_item' doesn't exist
 [ SQL语句 ] : SHOW COLUMNS FROM `imicms_item`
[ 2014-05-23T01:50:06+08:00 ] ERR: (ThinkException) Table 'test.imicms_item' doesn't exist
 [ SQL语句 ] : SHOW COLUMNS FROM `imicms_item`
[ 2014-05-23T01:50:07+08:00 ] ERR: (ThinkException) Table 'test.imicms_item' doesn't exist
 [ SQL语句 ] : SHOW COLUMNS FROM `imicms_item`
[ 2014-05-23T01:50:07+08:00 ] ERR: (ThinkException) Table 'test.imicms_item' doesn't exist
 [ SQL语句 ] : SHOW COLUMNS FROM `imicms_item`
[ 2014-05-23T01:50:08+08:00 ] ERR: (ThinkException) Table 'test.imicms_item' doesn't exist
 [ SQL语句 ] : SHOW COLUMNS FROM `imicms_item`
[ 2014-05-23T01:50:08+08:00 ] ERR: (ThinkException) Table 'test.imicms_item' doesn't exist
 [ SQL语句 ] : SHOW COLUMNS FROM `imicms_item`
[ 2014-05-23T01:50:09+08:00 ] ERR: (ThinkException) Table 'test.imicms_item' doesn't exist
 [ SQL语句 ] : SHOW COLUMNS FROM `imicms_item`
[ 2014-05-23T01:50:09+08:00 ] ERR: (ThinkException) Table 'test.imicms_item' doesn't exist
 [ SQL语句 ] : SHOW COLUMNS FROM `imicms_item`
[ 2014-05-23T01:50:10+08:00 ] ERR: (ThinkException) Table 'test.imicms_item' doesn't exist
 [ SQL语句 ] : SHOW COLUMNS FROM `imicms_item`
[ 2014-05-23T01:50:10+08:00 ] ERR: (ThinkException) Table 'test.imicms_item' doesn't exist
 [ SQL语句 ] : SHOW COLUMNS FROM `imicms_item`
[ 2014-05-23T01:50:11+08:00 ] ERR: (ThinkException) Table 'test.imicms_item' doesn't exist
 [ SQL语句 ] : SHOW COLUMNS FROM `imicms_item`
[ 2014-05-23T01:50:11+08:00 ] ERR: (ThinkException) Table 'test.imicms_item' doesn't exist
 [ SQL语句 ] : SHOW COLUMNS FROM `imicms_item`
[ 2014-05-23T01:58:36+08:00 ] ERR: (ThinkException) Table 'test.imicms_brandlist' doesn't exist
 [ SQL语句 ] : SHOW COLUMNS FROM `imicms_brandlist`
[ 2014-05-23T01:59:33+08:00 ] ERR: (ThinkException) 模板不存在[./tpl/Wxadmin/default/Item_index.html]
[ 2014-05-23T02:05:26+08:00 ] ERR: (ThinkException) 无法加载模块:item
[ 2014-05-23T02:05:43+08:00 ] ERR: (ThinkException) 无法加载模块:item
[ 2014-05-23T08:34:01+08:00 ] 127.0.0.1 /index.php?m=Users&a=checklogin
INFO: [ app_begin ] --START--
INFO: Run ReadHtmlCache Behavior [ RunTime:0.000972s ]
INFO: [ app_begin ] --END-- [ RunTime:0.001059s ]
SQL: SHOW COLUMNS FROM `imicms_users` [ RunTime:0.135066s ]
SQL: SELECT * FROM `imicms_users` WHERE ( `username` = 0 ) LIMIT 1   [ RunTime:0.001279s ]
SQL: SHOW COLUMNS FROM `imicms_user_group` [ RunTime:0.040247s ]
SQL: SELECT * FROM `imicms_user_group` WHERE ( `id` = 7 ) LIMIT 1   [ RunTime:0.000258s ]
NOTIC: [8] Undefined index: gongzhongnum C:\Program Files (x86)\Apache Software Foundation\Apache2.2\htdocs\iMicms\Lib\Action\Home\UsersAction.class.php 第 29 行.

[ 2014-05-23T22:14:24+08:00 ] 127.0.0.1 /index.php?m=Users&a=checklogin
INFO: [ app_begin ] --START--
INFO: Run ReadHtmlCache Behavior [ RunTime:0.000733s ]
INFO: [ app_begin ] --END-- [ RunTime:0.001099s ]
SQL: SHOW COLUMNS FROM `imicms_users` [ RunTime:0.027380s ]
SQL: SELECT * FROM `imicms_users` WHERE ( `username` = 0 ) LIMIT 1   [ RunTime:0.010830s ]
SQL: SHOW COLUMNS FROM `imicms_user_group` [ RunTime:0.017645s ]
SQL: SELECT * FROM `imicms_user_group` WHERE ( `id` = 7 ) LIMIT 1   [ RunTime:0.000598s ]
NOTIC: [8] Undefined index: gongzhongnum C:\Program Files (x86)\Apache Software Foundation\Apache2.2\htdocs\iMicms\Lib\Action\Home\UsersAction.class.php 第 29 行.

[ 2014-05-23T22:24:57+08:00 ] ERR: (ThinkException) 无法加载模块:item
[ 2014-05-23T22:50:00+08:00 ] ERR: (ThinkException) 无法加载模块:Item
[ 2014-05-23T22:50:02+08:00 ] ERR: (ThinkException) 无法加载模块:Item
[ 2014-05-23T22:50:03+08:00 ] ERR: (ThinkException) 无法加载模块:Item
[ 2014-05-23T22:50:04+08:00 ] ERR: (ThinkException) 无法加载模块:Item
[ 2014-05-23T22:50:10+08:00 ] ERR: (ThinkException) 模板不存在[./tpl/Wxadmin/default/item_index.html]
[ 2014-05-23T22:53:15+08:00 ] ERR: (ThinkException) 无法加载模块:item
[ 2014-05-23T22:56:10+08:00 ] ERR: (ThinkException) 无法加载模块:item
[ 2014-05-23T23:07:08+08:00 ] 127.0.0.1 /index.php?g=User&m=Token_open&a=del&token=c6402a3e1bd9cf46&id=4&r=0.4041807239409536
INFO: [ app_begin ] --START--
INFO: Run ReadHtmlCache Behavior [ RunTime:0.001110s ]
INFO: [ app_begin ] --END-- [ RunTime:0.001271s ]
SQL: SHOW COLUMNS FROM `imicms_user_group` [ RunTime:0.021288s ]
SQL: SELECT * FROM `imicms_user_group` WHERE ( `id` = 7 ) LIMIT 1   [ RunTime:0.000365s ]
SQL: SHOW COLUMNS FROM `imicms_users` [ RunTime:0.030257s ]
SQL: SELECT * FROM `imicms_users` WHERE ( `id` = 1 ) LIMIT 1   [ RunTime:0.000430s ]
SQL: SHOW COLUMNS FROM `imicms_wxuser` [ RunTime:0.015209s ]
SQL: SELECT `wxname`,`wxid`,`headerpic`,`weixin` FROM `imicms_wxuser` WHERE ( `token` = 'c6402a3e1bd9cf46' ) AND ( `uid` = 1 ) LIMIT 1   [ RunTime:0.000364s ]
SQL: SHOW COLUMNS FROM `imicms_token_open` [ RunTime:0.019189s ]
SQL: SELECT * FROM `imicms_token_open` WHERE ( `uid` = 1 ) AND ( `token` = 'c6402a3e1bd9cf46' ) LIMIT 1   [ RunTime:0.000554s ]
SQL: SHOW COLUMNS FROM `imicms_function` [ RunTime:0.020981s ]
SQL: SELECT * FROM `imicms_function` WHERE ( `id` = 4 ) LIMIT 1   [ RunTime:0.000413s ]
SQL: SELECT * FROM `imicms_token_open` WHERE ( `uid` = 1 ) AND ( `token` = 'c6402a3e1bd9cf46' ) LIMIT 1   [ RunTime:0.000367s ]
SQL: UPDATE `imicms_token_open` SET `queryname`='tianqi,qiushi,jishuan,jiankang,kuaidi,xiaohua,changtoushi,peiliao,liaotian,mengjian,yuyinfanyi,huoche,gongjiao,shenfenzheng,shouji,yinle,fujin,choujiang,taobao,userinfo,fanyi,api,suanming,baike,caipiao,choujiang,guagua,shouye,adma,huiyuanka,shenhe,geci,yuming,diymen_set,plugmenu_set,etuan,shop,dx,host_kev,vote,wcard,house,Panoramic,Panorama,Heka,Shake,diymen_set,LuckyFruit,Car,LuckyFruit,GoldenEgg,Yuyue,Jiudian,Yiliao,Meirong,Jiuba,Shipin,Lvyou,Jianshen,Huadian,Jiaoyu,Zhengwu,Diaoyan' WHERE ( `uid` = 1 ) AND ( `token` = 'c6402a3e1bd9cf46' ) [ RunTime:0.046234s ]

[ 2014-05-23T23:40:10+08:00 ] ERR: (ThinkException) 无法加载模块:item
[ 2014-05-23T23:41:26+08:00 ] ERR: (ThinkException) 无法加载模块:item
[ 2014-05-23T23:53:36+08:00 ] ERR: (ThinkException) 无法加载模块:item
[ 2014-05-23T23:57:15+08:00 ] 127.0.0.1 /index.php?m=Users&a=checklogin
INFO: [ app_begin ] --START--
INFO: Run ReadHtmlCache Behavior [ RunTime:0.000788s ]
INFO: [ app_begin ] --END-- [ RunTime:0.000885s ]
SQL: SHOW COLUMNS FROM `imicms_users` [ RunTime:0.028757s ]
SQL: SELECT * FROM `imicms_users` WHERE ( `username` = 0 ) LIMIT 1   [ RunTime:0.000438s ]
SQL: SHOW COLUMNS FROM `imicms_user_group` [ RunTime:0.016815s ]
SQL: SELECT * FROM `imicms_user_group` WHERE ( `id` = 7 ) LIMIT 1   [ RunTime:0.000301s ]
NOTIC: [8] Undefined index: gongzhongnum C:\Program Files (x86)\Apache Software Foundation\Apache2.2\htdocs\iMicms\Lib\Action\Home\UsersAction.class.php 第 29 行.

